<?xml version="1.0" encoding="utf-8"?><testsuites name="pytest tests"><testsuite name="pytest" errors="0" failures="0" skipped="0" tests="18" time="5.775" timestamp="2026-06-10T17:35:24.878987+00:00" hostname="agent-env-84553ab9-1adb-4ca2-b8f4-17e681d95551"><testcase classname="backend.tests.test_gaming_buddy" name="test_signup_persists_v15_fields_and_onboarding_false" time="0.577" /><testcase classname="backend.tests.test_gaming_buddy" name="test_signup_caps_recent_games_at_3_and_slots_at_2" time="0.269" /><testcase classname="backend.tests.test_gaming_buddy" name="test_seed_user_onboarding_complete_true" time="0.324" /><testcase classname="backend.tests.test_gaming_buddy" name="test_admin_onboarding_complete_true" time="0.320" /><testcase classname="backend.tests.test_gaming_buddy" name="test_root" time="0.048" /><testcase classname="backend.tests.test_gaming_buddy" name="test_signup_returns_token" time="0.288" /><testcase classname="backend.tests.test_gaming_buddy" name="test_login_seed_user" time="0.279" /><testcase classname="backend.tests.test_gaming_buddy" name="test_login_invalid" time="0.270" /><testcase classname="backend.tests.test_gaming_buddy" name="test_get_me_requires_auth" time="0.047" /><testcase classname="backend.tests.test_gaming_buddy" name="test_get_me_with_token" time="0.048" /><testcase classname="backend.tests.test_gaming_buddy" name="test_swipe_feed" time="0.054" /><testcase classname="backend.tests.test_gaming_buddy" name="test_standout_seed_user" time="0.322" /><testcase classname="backend.tests.test_gaming_buddy" name="test_standout_admin_user" time="0.323" /><testcase classname="backend.tests.test_gaming_buddy" name="test_swipe_pass_then_like_decrements" time="0.200" /><testcase classname="backend.tests.test_gaming_buddy" name="test_superlike_decrements" time="0.698" /><testcase classname="backend.tests.test_gaming_buddy" name="test_mutual_like_creates_match" time="1.428" /><testcase classname="backend.tests.test_gaming_buddy" name="test_messages_unauthorized_match" time="0.061" /><testcase classname="backend.tests.test_gaming_buddy" name="test_cannot_swipe_self" time="0.050" /></testsuite></testsuites>