<?xml version="1.0" encoding="utf-8"?><testsuites name="pytest tests"><testsuite name="pytest" errors="0" failures="0" skipped="0" tests="13" time="3.594" timestamp="2026-06-07T15:19:00.211138+00:00" hostname="agent-env-1f28db4e-5430-4193-b490-f8fa114751e1"><testcase classname="backend.tests.test_gaming_buddy" name="test_root" time="0.270" /><testcase classname="backend.tests.test_gaming_buddy" name="test_signup_returns_token" time="0.270" /><testcase classname="backend.tests.test_gaming_buddy" name="test_login_seed_user" time="0.279" /><testcase classname="backend.tests.test_gaming_buddy" name="test_login_invalid" time="0.269" /><testcase classname="backend.tests.test_gaming_buddy" name="test_get_me_requires_auth" time="0.046" /><testcase classname="backend.tests.test_gaming_buddy" name="test_get_me_with_token" time="0.047" /><testcase classname="backend.tests.test_gaming_buddy" name="test_swipe_feed" time="0.054" /><testcase classname="backend.tests.test_gaming_buddy" name="test_standout" time="0.047" /><testcase classname="backend.tests.test_gaming_buddy" name="test_swipe_pass_then_like_decrements" time="0.204" /><testcase classname="backend.tests.test_gaming_buddy" name="test_superlike_decrements" time="0.514" /><testcase classname="backend.tests.test_gaming_buddy" name="test_mutual_like_creates_match" time="1.415" /><testcase classname="backend.tests.test_gaming_buddy" name="test_messages_unauthorized_match" time="0.047" /><testcase classname="backend.tests.test_gaming_buddy" name="test_cannot_swipe_self" time="0.046" /></testsuite></testsuites>